<?xml version="1.0" encoding="UTF-8"?>
<testsuite xmlns:xsi="http://www.w3.org/2001/XMLSchema-instance" xsi:noNamespaceSchemaLocation="https://maven.apache.org/surefire/maven-surefire-plugin/xsd/surefire-test-report.xsd" name="com.haze.Test" time="1.904" tests="2" errors="0" skipped="0" failures="0">
  <properties>
    <property name="sun.desktop" value="windows"/>
    <property name="awt.toolkit" value="sun.awt.windows.WToolkit"/>
    <property name="java.specification.version" value="11"/>
    <property name="sun.cpu.isalist" value="amd64"/>
    <property name="sun.jnu.encoding" value="GBK"/>
    <property name="java.class.path" value="C:\Users\Administrator\Desktop\signIn\target\test-classes;C:\Users\Administrator\Desktop\signIn\target\classes;E:\Program Files\java\maven\LocalWarehouse\org\springframework\boot\spring-boot-starter-web\2.2.6.RELEASE\spring-boot-starter-web-2.2.6.RELEASE.jar;E:\Program Files\java\maven\LocalWarehouse\org\springframework\boot\spring-boot-starter\2.2.6.RELEASE\spring-boot-starter-2.2.6.RELEASE.jar;E:\Program Files\java\maven\LocalWarehouse\org\springframework\boot\spring-boot-starter-logging\2.2.6.RELEASE\spring-boot-starter-logging-2.2.6.RELEASE.jar;E:\Program Files\java\maven\LocalWarehouse\ch\qos\logback\logback-classic\1.2.3\logback-classic-1.2.3.jar;E:\Program Files\java\maven\LocalWarehouse\ch\qos\logback\logback-core\1.2.3\logback-core-1.2.3.jar;E:\Program Files\java\maven\LocalWarehouse\org\apache\logging\log4j\log4j-to-slf4j\2.12.1\log4j-to-slf4j-2.12.1.jar;E:\Program Files\java\maven\LocalWarehouse\org\apache\logging\log4j\log4j-api\2.12.1\log4j-api-2.12.1.jar;E:\Program Files\java\maven\LocalWarehouse\org\slf4j\jul-to-slf4j\1.7.30\jul-to-slf4j-1.7.30.jar;E:\Program Files\java\maven\LocalWarehouse\jakarta\annotation\jakarta.annotation-api\1.3.5\jakarta.annotation-api-1.3.5.jar;E:\Program Files\java\maven\LocalWarehouse\org\yaml\snakeyaml\1.25\snakeyaml-1.25.jar;E:\Program Files\java\maven\LocalWarehouse\org\springframework\boot\spring-boot-starter-json\2.2.6.RELEASE\spring-boot-starter-json-2.2.6.RELEASE.jar;E:\Program Files\java\maven\LocalWarehouse\com\fasterxml\jackson\core\jackson-databind\2.10.3\jackson-databind-2.10.3.jar;E:\Program Files\java\maven\LocalWarehouse\com\fasterxml\jackson\core\jackson-annotations\2.10.3\jackson-annotations-2.10.3.jar;E:\Program Files\java\maven\LocalWarehouse\com\fasterxml\jackson\core\jackson-core\2.10.3\jackson-core-2.10.3.jar;E:\Program Files\java\maven\LocalWarehouse\com\fasterxml\jackson\datatype\jackson-datatype-jdk8\2.10.3\jackson-datatype-jdk8-2.10.3.jar;E:\Program Files\java\maven\LocalWarehouse\com\fasterxml\jackson\datatype\jackson-datatype-jsr310\2.10.3\jackson-datatype-jsr310-2.10.3.jar;E:\Program Files\java\maven\LocalWarehouse\com\fasterxml\jackson\module\jackson-module-parameter-names\2.10.3\jackson-module-parameter-names-2.10.3.jar;E:\Program Files\java\maven\LocalWarehouse\org\springframework\boot\spring-boot-starter-tomcat\2.2.6.RELEASE\spring-boot-starter-tomcat-2.2.6.RELEASE.jar;E:\Program Files\java\maven\LocalWarehouse\org\apache\tomcat\embed\tomcat-embed-core\9.0.33\tomcat-embed-core-9.0.33.jar;E:\Program Files\java\maven\LocalWarehouse\org\apache\tomcat\embed\tomcat-embed-el\9.0.33\tomcat-embed-el-9.0.33.jar;E:\Program Files\java\maven\LocalWarehouse\org\apache\tomcat\embed\tomcat-embed-websocket\9.0.33\tomcat-embed-websocket-9.0.33.jar;E:\Program Files\java\maven\LocalWarehouse\org\springframework\boot\spring-boot-starter-validation\2.2.6.RELEASE\spring-boot-starter-validation-2.2.6.RELEASE.jar;E:\Program Files\java\maven\LocalWarehouse\jakarta\validation\jakarta.validation-api\2.0.2\jakarta.validation-api-2.0.2.jar;E:\Program Files\java\maven\LocalWarehouse\org\hibernate\validator\hibernate-validator\6.0.18.Final\hibernate-validator-6.0.18.Final.jar;E:\Program Files\java\maven\LocalWarehouse\org\jboss\logging\jboss-logging\3.4.1.Final\jboss-logging-3.4.1.Final.jar;E:\Program Files\java\maven\LocalWarehouse\com\fasterxml\classmate\1.5.1\classmate-1.5.1.jar;E:\Program Files\java\maven\LocalWarehouse\org\springframework\spring-web\5.2.5.RELEASE\spring-web-5.2.5.RELEASE.jar;E:\Program Files\java\maven\LocalWarehouse\org\springframework\spring-beans\5.2.5.RELEASE\spring-beans-5.2.5.RELEASE.jar;E:\Program Files\java\maven\LocalWarehouse\org\springframework\spring-webmvc\5.2.5.RELEASE\spring-webmvc-5.2.5.RELEASE.jar;E:\Program Files\java\maven\LocalWarehouse\org\springframework\spring-aop\5.2.5.RELEASE\spring-aop-5.2.5.RELEASE.jar;E:\Program Files\java\maven\LocalWarehouse\org\springframework\spring-context\5.2.5.RELEASE\spring-context-5.2.5.RELEASE.jar;E:\Program Files\java\maven\LocalWarehouse\org\springframework\spring-expression\5.2.5.RELEASE\spring-expression-5.2.5.RELEASE.jar;E:\Program Files\java\maven\LocalWarehouse\org\springframework\boot\spring-boot-devtools\2.2.6.RELEASE\spring-boot-devtools-2.2.6.RELEASE.jar;E:\Program Files\java\maven\LocalWarehouse\org\springframework\boot\spring-boot\2.2.6.RELEASE\spring-boot-2.2.6.RELEASE.jar;E:\Program Files\java\maven\LocalWarehouse\org\springframework\boot\spring-boot-autoconfigure\2.2.6.RELEASE\spring-boot-autoconfigure-2.2.6.RELEASE.jar;E:\Program Files\java\maven\LocalWarehouse\mysql\mysql-connector-java\8.0.19\mysql-connector-java-8.0.19.jar;E:\Program Files\java\maven\LocalWarehouse\org\projectlombok\lombok\1.18.12\lombok-1.18.12.jar;E:\Program Files\java\maven\LocalWarehouse\org\springframework\boot\spring-boot-starter-test\2.2.6.RELEASE\spring-boot-starter-test-2.2.6.RELEASE.jar;E:\Program Files\java\maven\LocalWarehouse\org\springframework\boot\spring-boot-test\2.2.6.RELEASE\spring-boot-test-2.2.6.RELEASE.jar;E:\Program Files\java\maven\LocalWarehouse\org\springframework\boot\spring-boot-test-autoconfigure\2.2.6.RELEASE\spring-boot-test-autoconfigure-2.2.6.RELEASE.jar;E:\Program Files\java\maven\LocalWarehouse\com\jayway\jsonpath\json-path\2.4.0\json-path-2.4.0.jar;E:\Program Files\java\maven\LocalWarehouse\net\minidev\json-smart\2.3\json-smart-2.3.jar;E:\Program Files\java\maven\LocalWarehouse\net\minidev\accessors-smart\1.2\accessors-smart-1.2.jar;E:\Program Files\java\maven\LocalWarehouse\org\ow2\asm\asm\5.0.4\asm-5.0.4.jar;E:\Program Files\java\maven\LocalWarehouse\org\slf4j\slf4j-api\1.7.30\slf4j-api-1.7.30.jar;E:\Program Files\java\maven\LocalWarehouse\jakarta\xml\bind\jakarta.xml.bind-api\2.3.3\jakarta.xml.bind-api-2.3.3.jar;E:\Program Files\java\maven\LocalWarehouse\jakarta\activation\jakarta.activation-api\1.2.2\jakarta.activation-api-1.2.2.jar;E:\Program Files\java\maven\LocalWarehouse\org\junit\jupiter\junit-jupiter\5.5.2\junit-jupiter-5.5.2.jar;E:\Program Files\java\maven\LocalWarehouse\org\junit\jupiter\junit-jupiter-api\5.5.2\junit-jupiter-api-5.5.2.jar;E:\Program Files\java\maven\LocalWarehouse\org\apiguardian\apiguardian-api\1.1.0\apiguardian-api-1.1.0.jar;E:\Program Files\java\maven\LocalWarehouse\org\opentest4j\opentest4j\1.2.0\opentest4j-1.2.0.jar;E:\Program Files\java\maven\LocalWarehouse\org\junit\platform\junit-platform-commons\1.5.2\junit-platform-commons-1.5.2.jar;E:\Program Files\java\maven\LocalWarehouse\org\junit\jupiter\junit-jupiter-params\5.5.2\junit-jupiter-params-5.5.2.jar;E:\Program Files\java\maven\LocalWarehouse\org\junit\jupiter\junit-jupiter-engine\5.5.2\junit-jupiter-engine-5.5.2.jar;E:\Program Files\java\maven\LocalWarehouse\org\junit\platform\junit-platform-engine\1.5.2\junit-platform-engine-1.5.2.jar;E:\Program Files\java\maven\LocalWarehouse\org\mockito\mockito-junit-jupiter\3.1.0\mockito-junit-jupiter-3.1.0.jar;E:\Program Files\java\maven\LocalWarehouse\org\assertj\assertj-core\3.13.2\assertj-core-3.13.2.jar;E:\Program Files\java\maven\LocalWarehouse\org\hamcrest\hamcrest\2.1\hamcrest-2.1.jar;E:\Program Files\java\maven\LocalWarehouse\org\mockito\mockito-core\3.1.0\mockito-core-3.1.0.jar;E:\Program Files\java\maven\LocalWarehouse\net\bytebuddy\byte-buddy\1.10.8\byte-buddy-1.10.8.jar;E:\Program Files\java\maven\LocalWarehouse\net\bytebuddy\byte-buddy-agent\1.10.8\byte-buddy-agent-1.10.8.jar;E:\Program Files\java\maven\LocalWarehouse\org\objenesis\objenesis\2.6\objenesis-2.6.jar;E:\Program Files\java\maven\LocalWarehouse\org\skyscreamer\jsonassert\1.5.0\jsonassert-1.5.0.jar;E:\Program Files\java\maven\LocalWarehouse\com\vaadin\external\google\android-json\0.0.20131108.vaadin1\android-json-0.0.20131108.vaadin1.jar;E:\Program Files\java\maven\LocalWarehouse\org\springframework\spring-core\5.2.5.RELEASE\spring-core-5.2.5.RELEASE.jar;E:\Program Files\java\maven\LocalWarehouse\org\springframework\spring-jcl\5.2.5.RELEASE\spring-jcl-5.2.5.RELEASE.jar;E:\Program Files\java\maven\LocalWarehouse\org\springframework\spring-test\5.2.5.RELEASE\spring-test-5.2.5.RELEASE.jar;E:\Program Files\java\maven\LocalWarehouse\org\xmlunit\xmlunit-core\2.6.4\xmlunit-core-2.6.4.jar;E:\Program Files\java\maven\LocalWarehouse\com\baomidou\mybatis-plus-boot-starter\3.2.0\mybatis-plus-boot-starter-3.2.0.jar;E:\Program Files\java\maven\LocalWarehouse\com\baomidou\mybatis-plus\3.2.0\mybatis-plus-3.2.0.jar;E:\Program Files\java\maven\LocalWarehouse\org\springframework\boot\spring-boot-starter-jdbc\2.2.6.RELEASE\spring-boot-starter-jdbc-2.2.6.RELEASE.jar;E:\Program Files\java\maven\LocalWarehouse\com\zaxxer\HikariCP\3.4.2\HikariCP-3.4.2.jar;E:\Program Files\java\maven\LocalWarehouse\org\springframework\spring-jdbc\5.2.5.RELEASE\spring-jdbc-5.2.5.RELEASE.jar;E:\Program Files\java\maven\LocalWarehouse\org\springframework\spring-tx\5.2.5.RELEASE\spring-tx-5.2.5.RELEASE.jar;E:\Program Files\java\maven\LocalWarehouse\org\springframework\boot\spring-boot-starter-freemarker\2.2.6.RELEASE\spring-boot-starter-freemarker-2.2.6.RELEASE.jar;E:\Program Files\java\maven\LocalWarehouse\org\freemarker\freemarker\2.3.30\freemarker-2.3.30.jar;E:\Program Files\java\maven\LocalWarehouse\org\springframework\spring-context-support\5.2.5.RELEASE\spring-context-support-5.2.5.RELEASE.jar;E:\Program Files\java\maven\LocalWarehouse\com\baomidou\mybatis-plus-generator\3.2.0\mybatis-plus-generator-3.2.0.jar;E:\Program Files\java\maven\LocalWarehouse\com\baomidou\mybatis-plus-extension\3.2.0\mybatis-plus-extension-3.2.0.jar;E:\Program Files\java\maven\LocalWarehouse\com\baomidou\mybatis-plus-core\3.2.0\mybatis-plus-core-3.2.0.jar;E:\Program Files\java\maven\LocalWarehouse\com\baomidou\mybatis-plus-annotation\3.2.0\mybatis-plus-annotation-3.2.0.jar;E:\Program Files\java\maven\LocalWarehouse\com\github\jsqlparser\jsqlparser\2.1\jsqlparser-2.1.jar;E:\Program Files\java\maven\LocalWarehouse\org\mybatis\mybatis\3.5.2\mybatis-3.5.2.jar;E:\Program Files\java\maven\LocalWarehouse\org\mybatis\mybatis-spring\2.0.2\mybatis-spring-2.0.2.jar;E:\Program Files\java\maven\LocalWarehouse\cn\hutool\hutool-all\5.3.3\hutool-all-5.3.3.jar;E:\Program Files\java\maven\LocalWarehouse\org\apache\httpcomponents\httpclient\4.5.5\httpclient-4.5.5.jar;E:\Program Files\java\maven\LocalWarehouse\org\apache\httpcomponents\httpcore\4.4.13\httpcore-4.4.13.jar;E:\Program Files\java\maven\LocalWarehouse\commons-codec\commons-codec\1.13\commons-codec-1.13.jar;E:\Program Files\java\maven\LocalWarehouse\com\alibaba\fastjson\1.2.47\fastjson-1.2.47.jar;"/>
    <property name="java.vm.vendor" value="Oracle Corporation"/>
    <property name="sun.arch.data.model" value="64"/>
    <property name="user.variant" value=""/>
    <property name="java.vendor.url" value="https://openjdk.java.net/"/>
    <property name="user.timezone" value="Asia/Shanghai"/>
    <property name="java.vm.specification.version" value="11"/>
    <property name="os.name" value="Windows 10"/>
    <property name="sun.java.launcher" value="SUN_STANDARD"/>
    <property name="user.country" value="CN"/>
    <property name="sun.boot.library.path" value="E:\Program Files\Java\jdk-11.0.9\bin"/>
    <property name="sun.java.command" value="C:\Users\ADMINI~1\AppData\Local\Temp\surefire18265236205239329929\surefirebooter5054397464139405137.jar C:\Users\Administrator\AppData\Local\Temp\surefire18265236205239329929 2020-11-16T10-55-35_743-jvmRun1 surefire1029331960567127809tmp surefire_09775176121612908475tmp"/>
    <property name="jdk.debug" value="release"/>
    <property name="surefire.test.class.path" value="C:\Users\Administrator\Desktop\signIn\target\test-classes;C:\Users\Administrator\Desktop\signIn\target\classes;E:\Program Files\java\maven\LocalWarehouse\org\springframework\boot\spring-boot-starter-web\2.2.6.RELEASE\spring-boot-starter-web-2.2.6.RELEASE.jar;E:\Program Files\java\maven\LocalWarehouse\org\springframework\boot\spring-boot-starter\2.2.6.RELEASE\spring-boot-starter-2.2.6.RELEASE.jar;E:\Program Files\java\maven\LocalWarehouse\org\springframework\boot\spring-boot-starter-logging\2.2.6.RELEASE\spring-boot-starter-logging-2.2.6.RELEASE.jar;E:\Program Files\java\maven\LocalWarehouse\ch\qos\logback\logback-classic\1.2.3\logback-classic-1.2.3.jar;E:\Program Files\java\maven\LocalWarehouse\ch\qos\logback\logback-core\1.2.3\logback-core-1.2.3.jar;E:\Program Files\java\maven\LocalWarehouse\org\apache\logging\log4j\log4j-to-slf4j\2.12.1\log4j-to-slf4j-2.12.1.jar;E:\Program Files\java\maven\LocalWarehouse\org\apache\logging\log4j\log4j-api\2.12.1\log4j-api-2.12.1.jar;E:\Program Files\java\maven\LocalWarehouse\org\slf4j\jul-to-slf4j\1.7.30\jul-to-slf4j-1.7.30.jar;E:\Program Files\java\maven\LocalWarehouse\jakarta\annotation\jakarta.annotation-api\1.3.5\jakarta.annotation-api-1.3.5.jar;E:\Program Files\java\maven\LocalWarehouse\org\yaml\snakeyaml\1.25\snakeyaml-1.25.jar;E:\Program Files\java\maven\LocalWarehouse\org\springframework\boot\spring-boot-starter-json\2.2.6.RELEASE\spring-boot-starter-json-2.2.6.RELEASE.jar;E:\Program Files\java\maven\LocalWarehouse\com\fasterxml\jackson\core\jackson-databind\2.10.3\jackson-databind-2.10.3.jar;E:\Program Files\java\maven\LocalWarehouse\com\fasterxml\jackson\core\jackson-annotations\2.10.3\jackson-annotations-2.10.3.jar;E:\Program Files\java\maven\LocalWarehouse\com\fasterxml\jackson\core\jackson-core\2.10.3\jackson-core-2.10.3.jar;E:\Program Files\java\maven\LocalWarehouse\com\fasterxml\jackson\datatype\jackson-datatype-jdk8\2.10.3\jackson-datatype-jdk8-2.10.3.jar;E:\Program Files\java\maven\LocalWarehouse\com\fasterxml\jackson\datatype\jackson-datatype-jsr310\2.10.3\jackson-datatype-jsr310-2.10.3.jar;E:\Program Files\java\maven\LocalWarehouse\com\fasterxml\jackson\module\jackson-module-parameter-names\2.10.3\jackson-module-parameter-names-2.10.3.jar;E:\Program Files\java\maven\LocalWarehouse\org\springframework\boot\spring-boot-starter-tomcat\2.2.6.RELEASE\spring-boot-starter-tomcat-2.2.6.RELEASE.jar;E:\Program Files\java\maven\LocalWarehouse\org\apache\tomcat\embed\tomcat-embed-core\9.0.33\tomcat-embed-core-9.0.33.jar;E:\Program Files\java\maven\LocalWarehouse\org\apache\tomcat\embed\tomcat-embed-el\9.0.33\tomcat-embed-el-9.0.33.jar;E:\Program Files\java\maven\LocalWarehouse\org\apache\tomcat\embed\tomcat-embed-websocket\9.0.33\tomcat-embed-websocket-9.0.33.jar;E:\Program Files\java\maven\LocalWarehouse\org\springframework\boot\spring-boot-starter-validation\2.2.6.RELEASE\spring-boot-starter-validation-2.2.6.RELEASE.jar;E:\Program Files\java\maven\LocalWarehouse\jakarta\validation\jakarta.validation-api\2.0.2\jakarta.validation-api-2.0.2.jar;E:\Program Files\java\maven\LocalWarehouse\org\hibernate\validator\hibernate-validator\6.0.18.Final\hibernate-validator-6.0.18.Final.jar;E:\Program Files\java\maven\LocalWarehouse\org\jboss\logging\jboss-logging\3.4.1.Final\jboss-logging-3.4.1.Final.jar;E:\Program Files\java\maven\LocalWarehouse\com\fasterxml\classmate\1.5.1\classmate-1.5.1.jar;E:\Program Files\java\maven\LocalWarehouse\org\springframework\spring-web\5.2.5.RELEASE\spring-web-5.2.5.RELEASE.jar;E:\Program Files\java\maven\LocalWarehouse\org\springframework\spring-beans\5.2.5.RELEASE\spring-beans-5.2.5.RELEASE.jar;E:\Program Files\java\maven\LocalWarehouse\org\springframework\spring-webmvc\5.2.5.RELEASE\spring-webmvc-5.2.5.RELEASE.jar;E:\Program Files\java\maven\LocalWarehouse\org\springframework\spring-aop\5.2.5.RELEASE\spring-aop-5.2.5.RELEASE.jar;E:\Program Files\java\maven\LocalWarehouse\org\springframework\spring-context\5.2.5.RELEASE\spring-context-5.2.5.RELEASE.jar;E:\Program Files\java\maven\LocalWarehouse\org\springframework\spring-expression\5.2.5.RELEASE\spring-expression-5.2.5.RELEASE.jar;E:\Program Files\java\maven\LocalWarehouse\org\springframework\boot\spring-boot-devtools\2.2.6.RELEASE\spring-boot-devtools-2.2.6.RELEASE.jar;E:\Program Files\java\maven\LocalWarehouse\org\springframework\boot\spring-boot\2.2.6.RELEASE\spring-boot-2.2.6.RELEASE.jar;E:\Program Files\java\maven\LocalWarehouse\org\springframework\boot\spring-boot-autoconfigure\2.2.6.RELEASE\spring-boot-autoconfigure-2.2.6.RELEASE.jar;E:\Program Files\java\maven\LocalWarehouse\mysql\mysql-connector-java\8.0.19\mysql-connector-java-8.0.19.jar;E:\Program Files\java\maven\LocalWarehouse\org\projectlombok\lombok\1.18.12\lombok-1.18.12.jar;E:\Program Files\java\maven\LocalWarehouse\org\springframework\boot\spring-boot-starter-test\2.2.6.RELEASE\spring-boot-starter-test-2.2.6.RELEASE.jar;E:\Program Files\java\maven\LocalWarehouse\org\springframework\boot\spring-boot-test\2.2.6.RELEASE\spring-boot-test-2.2.6.RELEASE.jar;E:\Program Files\java\maven\LocalWarehouse\org\springframework\boot\spring-boot-test-autoconfigure\2.2.6.RELEASE\spring-boot-test-autoconfigure-2.2.6.RELEASE.jar;E:\Program Files\java\maven\LocalWarehouse\com\jayway\jsonpath\json-path\2.4.0\json-path-2.4.0.jar;E:\Program Files\java\maven\LocalWarehouse\net\minidev\json-smart\2.3\json-smart-2.3.jar;E:\Program Files\java\maven\LocalWarehouse\net\minidev\accessors-smart\1.2\accessors-smart-1.2.jar;E:\Program Files\java\maven\LocalWarehouse\org\ow2\asm\asm\5.0.4\asm-5.0.4.jar;E:\Program Files\java\maven\LocalWarehouse\org\slf4j\slf4j-api\1.7.30\slf4j-api-1.7.30.jar;E:\Program Files\java\maven\LocalWarehouse\jakarta\xml\bind\jakarta.xml.bind-api\2.3.3\jakarta.xml.bind-api-2.3.3.jar;E:\Program Files\java\maven\LocalWarehouse\jakarta\activation\jakarta.activation-api\1.2.2\jakarta.activation-api-1.2.2.jar;E:\Program Files\java\maven\LocalWarehouse\org\junit\jupiter\junit-jupiter\5.5.2\junit-jupiter-5.5.2.jar;E:\Program Files\java\maven\LocalWarehouse\org\junit\jupiter\junit-jupiter-api\5.5.2\junit-jupiter-api-5.5.2.jar;E:\Program Files\java\maven\LocalWarehouse\org\apiguardian\apiguardian-api\1.1.0\apiguardian-api-1.1.0.jar;E:\Program Files\java\maven\LocalWarehouse\org\opentest4j\opentest4j\1.2.0\opentest4j-1.2.0.jar;E:\Program Files\java\maven\LocalWarehouse\org\junit\platform\junit-platform-commons\1.5.2\junit-platform-commons-1.5.2.jar;E:\Program Files\java\maven\LocalWarehouse\org\junit\jupiter\junit-jupiter-params\5.5.2\junit-jupiter-params-5.5.2.jar;E:\Program Files\java\maven\LocalWarehouse\org\junit\jupiter\junit-jupiter-engine\5.5.2\junit-jupiter-engine-5.5.2.jar;E:\Program Files\java\maven\LocalWarehouse\org\junit\platform\junit-platform-engine\1.5.2\junit-platform-engine-1.5.2.jar;E:\Program Files\java\maven\LocalWarehouse\org\mockito\mockito-junit-jupiter\3.1.0\mockito-junit-jupiter-3.1.0.jar;E:\Program Files\java\maven\LocalWarehouse\org\assertj\assertj-core\3.13.2\assertj-core-3.13.2.jar;E:\Program Files\java\maven\LocalWarehouse\org\hamcrest\hamcrest\2.1\hamcrest-2.1.jar;E:\Program Files\java\maven\LocalWarehouse\org\mockito\mockito-core\3.1.0\mockito-core-3.1.0.jar;E:\Program Files\java\maven\LocalWarehouse\net\bytebuddy\byte-buddy\1.10.8\byte-buddy-1.10.8.jar;E:\Program Files\java\maven\LocalWarehouse\net\bytebuddy\byte-buddy-agent\1.10.8\byte-buddy-agent-1.10.8.jar;E:\Program Files\java\maven\LocalWarehouse\org\objenesis\objenesis\2.6\objenesis-2.6.jar;E:\Program Files\java\maven\LocalWarehouse\org\skyscreamer\jsonassert\1.5.0\jsonassert-1.5.0.jar;E:\Program Files\java\maven\LocalWarehouse\com\vaadin\external\google\android-json\0.0.20131108.vaadin1\android-json-0.0.20131108.vaadin1.jar;E:\Program Files\java\maven\LocalWarehouse\org\springframework\spring-core\5.2.5.RELEASE\spring-core-5.2.5.RELEASE.jar;E:\Program Files\java\maven\LocalWarehouse\org\springframework\spring-jcl\5.2.5.RELEASE\spring-jcl-5.2.5.RELEASE.jar;E:\Program Files\java\maven\LocalWarehouse\org\springframework\spring-test\5.2.5.RELEASE\spring-test-5.2.5.RELEASE.jar;E:\Program Files\java\maven\LocalWarehouse\org\xmlunit\xmlunit-core\2.6.4\xmlunit-core-2.6.4.jar;E:\Program Files\java\maven\LocalWarehouse\com\baomidou\mybatis-plus-boot-starter\3.2.0\mybatis-plus-boot-starter-3.2.0.jar;E:\Program Files\java\maven\LocalWarehouse\com\baomidou\mybatis-plus\3.2.0\mybatis-plus-3.2.0.jar;E:\Program Files\java\maven\LocalWarehouse\org\springframework\boot\spring-boot-starter-jdbc\2.2.6.RELEASE\spring-boot-starter-jdbc-2.2.6.RELEASE.jar;E:\Program Files\java\maven\LocalWarehouse\com\zaxxer\HikariCP\3.4.2\HikariCP-3.4.2.jar;E:\Program Files\java\maven\LocalWarehouse\org\springframework\spring-jdbc\5.2.5.RELEASE\spring-jdbc-5.2.5.RELEASE.jar;E:\Program Files\java\maven\LocalWarehouse\org\springframework\spring-tx\5.2.5.RELEASE\spring-tx-5.2.5.RELEASE.jar;E:\Program Files\java\maven\LocalWarehouse\org\springframework\boot\spring-boot-starter-freemarker\2.2.6.RELEASE\spring-boot-starter-freemarker-2.2.6.RELEASE.jar;E:\Program Files\java\maven\LocalWarehouse\org\freemarker\freemarker\2.3.30\freemarker-2.3.30.jar;E:\Program Files\java\maven\LocalWarehouse\org\springframework\spring-context-support\5.2.5.RELEASE\spring-context-support-5.2.5.RELEASE.jar;E:\Program Files\java\maven\LocalWarehouse\com\baomidou\mybatis-plus-generator\3.2.0\mybatis-plus-generator-3.2.0.jar;E:\Program Files\java\maven\LocalWarehouse\com\baomidou\mybatis-plus-extension\3.2.0\mybatis-plus-extension-3.2.0.jar;E:\Program Files\java\maven\LocalWarehouse\com\baomidou\mybatis-plus-core\3.2.0\mybatis-plus-core-3.2.0.jar;E:\Program Files\java\maven\LocalWarehouse\com\baomidou\mybatis-plus-annotation\3.2.0\mybatis-plus-annotation-3.2.0.jar;E:\Program Files\java\maven\LocalWarehouse\com\github\jsqlparser\jsqlparser\2.1\jsqlparser-2.1.jar;E:\Program Files\java\maven\LocalWarehouse\org\mybatis\mybatis\3.5.2\mybatis-3.5.2.jar;E:\Program Files\java\maven\LocalWarehouse\org\mybatis\mybatis-spring\2.0.2\mybatis-spring-2.0.2.jar;E:\Program Files\java\maven\LocalWarehouse\cn\hutool\hutool-all\5.3.3\hutool-all-5.3.3.jar;E:\Program Files\java\maven\LocalWarehouse\org\apache\httpcomponents\httpclient\4.5.5\httpclient-4.5.5.jar;E:\Program Files\java\maven\LocalWarehouse\org\apache\httpcomponents\httpcore\4.4.13\httpcore-4.4.13.jar;E:\Program Files\java\maven\LocalWarehouse\commons-codec\commons-codec\1.13\commons-codec-1.13.jar;E:\Program Files\java\maven\LocalWarehouse\com\alibaba\fastjson\1.2.47\fastjson-1.2.47.jar;"/>
    <property name="sun.cpu.endian" value="little"/>
    <property name="user.home" value="C:\Users\Administrator"/>
    <property name="user.language" value="zh"/>
    <property name="java.specification.vendor" value="Oracle Corporation"/>
    <property name="java.version.date" value="2020-10-20"/>
    <property name="java.home" value="E:\Program Files\Java\jdk-11.0.9"/>
    <property name="file.separator" value="\"/>
    <property name="basedir" value="C:\Users\Administrator\Desktop\signIn"/>
    <property name="java.vm.compressedOopsMode" value="Zero based"/>
    <property name="line.separator" value="&#10;"/>
    <property name="java.specification.name" value="Java Platform API Specification"/>
    <property name="java.vm.specification.vendor" value="Oracle Corporation"/>
    <property name="java.awt.graphicsenv" value="sun.awt.Win32GraphicsEnvironment"/>
    <property name="surefire.real.class.path" value="C:\Users\ADMINI~1\AppData\Local\Temp\surefire18265236205239329929\surefirebooter5054397464139405137.jar"/>
    <property name="user.script" value=""/>
    <property name="sun.management.compiler" value="HotSpot 64-Bit Tiered Compilers"/>
    <property name="java.runtime.version" value="11.0.9+7-LTS"/>
    <property name="user.name" value="Administrator"/>
    <property name="path.separator" value=";"/>
    <property name="os.version" value="10.0"/>
    <property name="java.runtime.name" value="Java(TM) SE Runtime Environment"/>
    <property name="file.encoding" value="GBK"/>
    <property name="java.vm.name" value="Java HotSpot(TM) 64-Bit Server VM"/>
    <property name="java.vendor.version" value="18.9"/>
    <property name="localRepository" value="E:\Program Files\java\maven\LocalWarehouse"/>
    <property name="java.vendor.url.bug" value="https://bugreport.java.com/bugreport/"/>
    <property name="java.io.tmpdir" value="C:\Users\ADMINI~1\AppData\Local\Temp\"/>
    <property name="idea.version" value="2020.2"/>
    <property name="java.version" value="11.0.9"/>
    <property name="user.dir" value="C:\Users\Administrator\Desktop\signIn"/>
    <property name="os.arch" value="amd64"/>
    <property name="java.vm.specification.name" value="Java Virtual Machine Specification"/>
    <property name="java.awt.printerjob" value="sun.awt.windows.WPrinterJob"/>
    <property name="sun.os.patch.level" value=""/>
    <property name="java.library.path" value="E:\Program Files\Java\jdk-11.0.9\bin;C:\WINDOWS\Sun\Java\bin;C:\WINDOWS\system32;C:\WINDOWS;C:\WINDOWS\system32;C:\WINDOWS;C:\WINDOWS\System32\Wbem;C:\WINDOWS\System32\WindowsPowerShell\v1.0\;C:\WINDOWS\System32\OpenSSH\;C:\Program Files\TortoiseSVN\bin;C:\Program Files (x86)\GtkSharp\2.12\bin;E:\Program Files\java\jdk-11.0.9\bin;E:\Program Files\java\jdk-11.0.9\jre\bin;F:\NwtDocument\jdk1.8.0_77;E:\Program Files\java\maven\apache-maven-3.6.3\bin;E:\MySQL\mysql-8.0.22-winx64\bin;D:\Program Files (x86)\Microsoft SQL Server\100\Tools\Binn\;D:\Program Files (x86)\Microsoft SQL Server\100\DTS\Binn\;D:\Program Files (x86)\Microsoft SQL Server\100\Tools\Binn\VSShell\Common7\IDE\;C:\Program Files (x86)\Microsoft Visual Studio 9.0\Common7\IDE\PrivateAssemblies\;E:\Git\cmd;C:\Users\Administrator\AppData\Local\Microsoft\WindowsApps;E:\banzip\;."/>
    <property name="java.vendor" value="Oracle Corporation"/>
    <property name="java.vm.info" value="mixed mode"/>
    <property name="java.vm.version" value="11.0.9+7-LTS"/>
    <property name="sun.io.unicode.encoding" value="UnicodeLittle"/>
    <property name="java.class.version" value="55.0"/>
  </properties>
  <testcase name="tese02" classname="com.haze.Test" time="0.03"/>
  <testcase name="test" classname="com.haze.Test" time="1.869"/>
</testsuite>